<?xml version="1.0" encoding="UTF-8"?>
<testng-results ignored="0" total="2" passed="2" failed="0" skipped="0">
  <reporter-output>
  </reporter-output>
  <suite started-at="2024-10-06T11:19:21 EDT" name="Suite" finished-at="2024-10-06T11:19:32 EDT" duration-ms="10828">
    <groups>
    </groups>
    <test started-at="2024-10-06T11:19:21 EDT" name="Test" finished-at="2024-10-06T11:19:32 EDT" duration-ms="10828">
      <class name="testCases.LoginTest">
        <test-method is-config="true" signature="setup(java.lang.String,java.lang.String)[pri:0, instance:testCases.LoginTest@21aa6d6c]" started-at="2024-10-06T11:19:27 EDT" name="setup" finished-at="2024-10-06T11:19:30 EDT" duration-ms="3208" status="PASS">
          <params>
            <param index="0">
              <value>
                <![CDATA[Windows]]>
              </value>
            </param>
            <param index="1">
              <value>
                <![CDATA[chrome]]>
              </value>
            </param>
          </params>
          <reporter-output>
          </reporter-output>
        </test-method> <!-- setup -->
        <test-method signature="validateLogin()[pri:0, instance:testCases.LoginTest@21aa6d6c]" started-at="2024-10-06T11:19:30 EDT" name="validateLogin" finished-at="2024-10-06T11:19:32 EDT" duration-ms="1668" status="PASS">
          <reporter-output>
          </reporter-output>
        </test-method> <!-- validateLogin -->
        <test-method is-config="true" signature="teardown()[pri:0, instance:testCases.LoginTest@21aa6d6c]" started-at="2024-10-06T11:19:32 EDT" name="teardown" finished-at="2024-10-06T11:19:32 EDT" duration-ms="99" status="PASS">
          <reporter-output>
          </reporter-output>
        </test-method> <!-- teardown -->
      </class> <!-- testCases.LoginTest -->
      <class name="testCases.AccountRegistrationTest">
        <test-method is-config="true" signature="setup(java.lang.String,java.lang.String)[pri:0, instance:testCases.AccountRegistrationTest@33e01298]" started-at="2024-10-06T11:19:21 EDT" name="setup" finished-at="2024-10-06T11:19:25 EDT" duration-ms="3652" status="PASS">
          <params>
            <param index="0">
              <value>
                <![CDATA[Windows]]>
              </value>
            </param>
            <param index="1">
              <value>
                <![CDATA[chrome]]>
              </value>
            </param>
          </params>
          <reporter-output>
          </reporter-output>
        </test-method> <!-- setup -->
        <test-method signature="validationRegistration()[pri:0, instance:testCases.AccountRegistrationTest@33e01298]" started-at="2024-10-06T11:19:25 EDT" name="validationRegistration" finished-at="2024-10-06T11:19:27 EDT" duration-ms="1950" status="PASS">
          <reporter-output>
          </reporter-output>
        </test-method> <!-- validationRegistration -->
        <test-method is-config="true" signature="teardown()[pri:0, instance:testCases.AccountRegistrationTest@33e01298]" started-at="2024-10-06T11:19:27 EDT" name="teardown" finished-at="2024-10-06T11:19:27 EDT" duration-ms="99" status="PASS">
          <reporter-output>
          </reporter-output>
        </test-method> <!-- teardown -->
      </class> <!-- testCases.AccountRegistrationTest -->
    </test> <!-- Test -->
  </suite> <!-- Suite -->
</testng-results>
