<?xml version="1.0" encoding="UTF-8"?>
<testng-results ignored="0" total="2" passed="2" failed="0" skipped="0">
  <reporter-output>
  </reporter-output>
  <suite started-at="2024-09-29T12:34:06 EDT" name="Suite" finished-at="2024-09-29T12:34:18 EDT" duration-ms="12098">
    <groups>
    </groups>
    <test started-at="2024-09-29T12:34:06 EDT" name="Test" finished-at="2024-09-29T12:34:18 EDT" duration-ms="12098">
      <class name="testCases.LoginTest">
        <test-method is-config="true" signature="setup(java.lang.String,java.lang.String)[pri:0, instance:testCases.LoginTest@297ea53a]" started-at="2024-09-29T12:34:14 EDT" name="setup" finished-at="2024-09-29T12:34:17 EDT" duration-ms="3381" status="PASS">
          <params>
            <param index="0">
              <value>
                <![CDATA[Windows]]>
              </value>
            </param>
            <param index="1">
              <value>
                <![CDATA[chrome]]>
              </value>
            </param>
          </params>
          <reporter-output>
          </reporter-output>
        </test-method> <!-- setup -->
        <test-method signature="validateLogin()[pri:0, instance:testCases.LoginTest@297ea53a]" started-at="2024-09-29T12:34:17 EDT" name="validateLogin" finished-at="2024-09-29T12:34:18 EDT" duration-ms="1416" status="PASS">
          <reporter-output>
          </reporter-output>
        </test-method> <!-- validateLogin -->
        <test-method is-config="true" signature="teardown()[pri:0, instance:testCases.LoginTest@297ea53a]" started-at="2024-09-29T12:34:18 EDT" name="teardown" finished-at="2024-09-29T12:34:18 EDT" duration-ms="125" status="PASS">
          <reporter-output>
          </reporter-output>
        </test-method> <!-- teardown -->
      </class> <!-- testCases.LoginTest -->
      <class name="testCases.AccountRegistrationTest">
        <test-method is-config="true" signature="setup(java.lang.String,java.lang.String)[pri:0, instance:testCases.AccountRegistrationTest@1643d68f]" started-at="2024-09-29T12:34:07 EDT" name="setup" finished-at="2024-09-29T12:34:11 EDT" duration-ms="4986" status="PASS">
          <params>
            <param index="0">
              <value>
                <![CDATA[Windows]]>
              </value>
            </param>
            <param index="1">
              <value>
                <![CDATA[chrome]]>
              </value>
            </param>
          </params>
          <reporter-output>
          </reporter-output>
        </test-method> <!-- setup -->
        <test-method signature="validationRegistration()[pri:0, instance:testCases.AccountRegistrationTest@1643d68f]" started-at="2024-09-29T12:34:12 EDT" name="validationRegistration" finished-at="2024-09-29T12:34:13 EDT" duration-ms="1906" status="PASS">
          <reporter-output>
          </reporter-output>
        </test-method> <!-- validationRegistration -->
        <test-method is-config="true" signature="teardown()[pri:0, instance:testCases.AccountRegistrationTest@1643d68f]" started-at="2024-09-29T12:34:13 EDT" name="teardown" finished-at="2024-09-29T12:34:14 EDT" duration-ms="120" status="PASS">
          <reporter-output>
          </reporter-output>
        </test-method> <!-- teardown -->
      </class> <!-- testCases.AccountRegistrationTest -->
    </test> <!-- Test -->
  </suite> <!-- Suite -->
</testng-results>
